<?xml version="1.0" encoding="utf-8"?>

<gpx xmlns:xsd="http://www.w3.org/2001/XMLSchema" xmlns:xsi="http://www.w3.org/2001/XMLSchema-instance" version="1.0" creator="Groundspeak Pocket Query" xsi:schemaLocation="http://www.topografix.com/GPX/1/0 http://www.topografix.com/GPX/1/0/gpx.xsd http://www.groundspeak.com/cache/1/0 http://www.groundspeak.com/cache/1/0/cache.xsd" xmlns="http://www.topografix.com/GPX/1/0">
  <name>My Finds Pocket Query</name>
  <desc>Geocache file generated by Groundspeak</desc>

 <wpt lat="47" lon="11">
    <name>GCB9F87</name>
    <desc>Koelnisch Wasser by Pingu, Traditional Cache (2/2)</desc>
    <url>http://www.geocaching.com/seek/cache_details.aspx?guid=a3cf2720-7b02-454e-ae85-14922a668c6a</url>
    <urlname>Koelnisch Wasser</urlname>
    <type>Geocache|Traditional Cache</type>
    <groundspeak:cache id="40839" available="True" archived="False" xmlns:groundspeak="http://www.groundspeak.com/cache/1/0">
      <groundspeak:name>Koelnisch Wasser</groundspeak:name>
      <groundspeak:type>Traditional Cache</groundspeak:type>
      <groundspeak:logs>

        <groundspeak:log id="177715987">
          <groundspeak:date>2011-08-06T19:00:00Z</groundspeak:date>
          <groundspeak:type>Found it</groundspeak:type>
          <groundspeak:finder id="4448590">PULG42</groundspeak:finder>
          <groundspeak:text encoded="False">found quickly, tftc </groundspeak:text>
        </groundspeak:log>

        <groundspeak:log id="165957897">
          <groundspeak:date>2011-06-11T23:49:09Z</groundspeak:date>
          <groundspeak:type>Found it</groundspeak:type>
          <groundspeak:finder id="4448590">PULG42</groundspeak:finder>
          <groundspeak:text encoded="False">thx, nice location. Logbook nearly full.</groundspeak:text>
        </groundspeak:log>

      </groundspeak:logs>

    </groundspeak:cache>
  </wpt>

<wpt lat="11" lon="22">
   <name>GC42F42</name>
   <desc>Trockeneis by pulg42, Traditional Cache</desc>
   <url>http://www.geocaching.com/seek/cache_details.aspx?guid=wrong-url-7b02-454e-ae85-14922a668c6a</url>
   <urlname>Trockeneis</urlname>
   <type>Geocache|Traditional Cache</type>
   <groundspeak:cache id="11119" available="True" archived="False" xmlns:groundspeak="http://www.groundspeak.com/cache/1/0">
     <groundspeak:name>Trockeneis</groundspeak:name>
     <groundspeak:type>Traditional Cache</groundspeak:type>
     <groundspeak:logs>

       <groundspeak:log id="177715111">
         <groundspeak:date>2011-08-06T19:00:00Z</groundspeak:date>
         <groundspeak:type>Found it</groundspeak:type>
         <groundspeak:finder id="4444444">PULG42</groundspeak:finder>
         <groundspeak:text encoded="False">found, thanx.</groundspeak:text>
       </groundspeak:log>

     </groundspeak:logs>

   </groundspeak:cache>
 </wpt>

</gpx>
